<?xml version="1.0" encoding="UTF-8"?>
<!-- Generated by org.testng.reporters.JUnitReportReporter -->
<testsuite hostname="DESKTOP-E69K95O" name="TestScripts.sampleTest" tests="2" failures="0" timestamp="20 Mar 2021 15:40:52 GMT" time="0.005" errors="0">
  <testcase name="validateLogin" time="0.002" classname="TestScripts.sampleTest"/>
  <testcase name="validateLinks" time="0.003" classname="TestScripts.sampleTest"/>
</testsuite> <!-- TestScripts.sampleTest -->
