<?xml version="1.0" encoding="UTF-8"?>
<!-- Generated by org.testng.reporters.JUnitReportReporter -->
<testsuite hostname="DESKTOP-E69K95O" name="TestScripts.sampleTestOne" tests="2" failures="0" timestamp="20 Mar 2021 16:00:54 GMT" time="0.006" errors="0">
  <testcase name="verifyTopMenu" time="0.001" classname="TestScripts.sampleTestOne"/>
  <testcase name="verifyFooterMenu" time="0.005" classname="TestScripts.sampleTestOne"/>
</testsuite> <!-- TestScripts.sampleTestOne -->
