<?xml version="1.0" encoding="UTF-8"?>
<!-- Generated by org.testng.reporters.JUnitReportReporter -->
<testsuite hostname="DESKTOP-E69K95O" name="TestScripts.sauceDemoSample" tests="1" failures="0" timestamp="20 Mar 2021 16:15:13 GMT" time="0.078" errors="0">
  <testcase name="loginTest" time="0.078" classname="TestScripts.sauceDemoSample"/>
</testsuite> <!-- TestScripts.sauceDemoSample -->
