<?xml version="1.0" encoding="UTF-8"?>
<!-- Generated by org.testng.reporters.JUnitReportReporter -->
<testsuite hostname="DESKTOP-E69K95O" name="TestScripts.sampleTestTwo" tests="2" failures="0" timestamp="20 Mar 2021 15:58:30 GMT" time="0.004" errors="0">
  <testcase name="mainTest" time="0.004" classname="TestScripts.sampleTestTwo"/>
  <testcase name="mainTestOne" time="0.000" classname="TestScripts.sampleTestTwo"/>
</testsuite> <!-- TestScripts.sampleTestTwo -->
