<?xml version="1.0" encoding="UTF-8"?>
<!-- Generated by org.testng.reporters.JUnitReportReporter -->
<testsuite hostname="DESKTOP-E69K95O" name="sauceDemoTest.Scripts.valiadateLoginElements" tests="3" failures="0" timestamp="21 Mar 2021 17:24:55 GMT" time="0.073" errors="0">
  <testcase name="enablelogin" time="0.023" classname="sauceDemoTest.Scripts.valiadateLoginElements"/>
  <testcase name="enableUsername" time="0.026" classname="sauceDemoTest.Scripts.valiadateLoginElements"/>
  <testcase name="enablePassword" time="0.024" classname="sauceDemoTest.Scripts.valiadateLoginElements"/>
</testsuite> <!-- sauceDemoTest.Scripts.valiadateLoginElements -->
