<?xml version="1.0" encoding="UTF-8"?>
<!-- Generated by org.testng.reporters.JUnitReportReporter -->
<testsuite hostname="DESKTOP-E69K95O" name="sauceDemoTest.Scripts.validataLoginData" tests="4" failures="0" timestamp="21 Mar 2021 17:51:20 GMT" time="12.851" errors="0">
  <testcase name="validateLogin" time="1.455" classname="sauceDemoTest.Scripts.validataLoginData"/>
  <testcase name="validateLogin" time="3.036" classname="sauceDemoTest.Scripts.validataLoginData"/>
  <testcase name="validateLogin" time="1.740" classname="sauceDemoTest.Scripts.validataLoginData"/>
  <testcase name="validateLogin" time="6.620" classname="sauceDemoTest.Scripts.validataLoginData"/>
</testsuite> <!-- sauceDemoTest.Scripts.validataLoginData -->
