<?xml version="1.0" encoding="UTF-8"?>
<!-- Generated by org.testng.reporters.JUnitReportReporter -->
<testsuite hostname="DESKTOP-E69K95O" name="sauceDemoTest.Scripts.validateLogin" tests="2" failures="0" timestamp="21 Mar 2021 17:24:55 GMT" time="4.527" errors="0">
  <testcase name="validateNegativeLogin" time="3.124" classname="sauceDemoTest.Scripts.validateLogin"/>
  <testcase name="validatePositiveLogin" time="1.403" classname="sauceDemoTest.Scripts.validateLogin"/>
</testsuite> <!-- sauceDemoTest.Scripts.validateLogin -->
